<?xml version="1.0" encoding="UTF-8"?>
<!-- Generated by org.testng.reporters.JUnitReportReporter -->
<testsuite hostname="bbbaafeecafddfddddfcdbbbdefea-0" failures="0" tests="4" name="com.qa.testscripts.Iamneo" time="4.173" errors="0" timestamp="2023-08-04T07:57:04 UTC" skipped="0">
  <testcase classname="com.qa.testscripts.Iamneo" name="iamNeo" time="1.607"/>
  <testcase classname="com.qa.testscripts.Iamneo" name="BackPage" time="0.030"/>
  <testcase classname="com.qa.testscripts.Iamneo" name="NextPage" time="2.279"/>
  <testcase classname="com.qa.testscripts.Iamneo" name="CurrentURL" time="0.257"/>
</testsuite> <!-- com.qa.testscripts.Iamneo -->
