<?xml version="1.0" encoding="UTF-8"?>
<!-- Generated by org.testng.reporters.JUnitReportReporter -->
<testsuite hostname="bbbaafeecafddfddddfcdbbbdefea-0" failures="0" tests="4" name="test.java.com.qa.testscripts.Iamneo_001" time="4.523" errors="0" timestamp="2023-08-04T07:19:35 UTC" skipped="0">
  <testcase classname="test.java.com.qa.testscripts.Iamneo_001" name="iamNeo" time="1.781"/>
  <testcase classname="test.java.com.qa.testscripts.Iamneo_001" name="BackPage" time="0.024"/>
  <testcase classname="test.java.com.qa.testscripts.Iamneo_001" name="NextPage" time="2.422"/>
  <testcase classname="test.java.com.qa.testscripts.Iamneo_001" name="CurrentURL" time="0.296"/>
</testsuite> <!-- test.java.com.qa.testscripts.Iamneo_001 -->
